org.opentest4j.MultipleFailuresError: Multiple Failures (2 failures)
	org.opentest4j.AssertionFailedError: Actual data differs from file content: code-smith4470708301575367476.kt
	java.lang.IllegalStateException: NOTHING_TO_OVERRIDE: 'me5584I' overrides nothing (18,5) in /A6Y.kt
	at org.junit.jupiter.api.AssertAll.assertAll(AssertAll.java:80)
	at org.junit.jupiter.api.AssertAll.assertAll(AssertAll.java:54)
	at org.junit.jupiter.api.AssertAll.assertAll(AssertAll.java:48)
	at org.junit.jupiter.api.Assertions.assertAll(Assertions.java:2978)
	at org.jetbrains.kotlin.test.services.JUnit5Assertions.failAll(JUnit5Assertions.kt:102)
	at org.jetbrains.kotlin.test.TestRunner.reportFailures(TestRunner.kt:125)
	at org.jetbrains.kotlin.test.TestRunner.runTestPipeline(TestRunner.kt:117)
	at org.jetbrains.kotlin.test.TestRunner.runTestImpl(TestRunner.kt:70)
	at org.jetbrains.kotlin.test.TestRunner.runTest(TestRunner.kt:30)
	at org.jetbrains.kotlin.test.TestRunner.runTest$default(TestRunner.kt:28)
	at org.jetbrains.kotlin.test.runners.AbstractKotlinCompilerTest.runTest(AbstractKotlinCompilerTest.kt:91)
	at com.github.xyzboom.codesmith.kotlin.IKotlinCompiler.testProgram(IKotlinCompiler.kt:17)
	at com.github.xyzboom.codesmith.kotlin.CrossLangFuzzerKotlinRunner$K1Jdk17Compiler.testProgram(CrossLangFuzzerKotlinRunner.kt:108)
	at com.github.xyzboom.codesmith.kotlin.IKotlinCompiler.compile(IKotlinCompiler.kt:38)
	at com.github.xyzboom.codesmith.kotlin.CrossLangFuzzerKotlinRunner$K1Jdk17Compiler.compile(CrossLangFuzzerKotlinRunner.kt:108)
	at com.github.xyzboom.codesmith.data.DataRecorder$recordCompiler$1.compile(DataRecorder.kt:56)
	at com.github.xyzboom.codesmith.ICompilerRunner.compile(ICompilerRunner.kt:12)
	at com.github.xyzboom.codesmith.CommonCompilerRunner.compile(CommonCompilerRunner.kt:21)
	at com.github.xyzboom.codesmith.minimize.MinimizeRunner2.compile(MinimizeRunner2.kt)
	at com.github.xyzboom.codesmith.minimize.MinimizeRunner2.minimize$cacheOrCompile(MinimizeRunner2.kt:64)
	at com.github.xyzboom.codesmith.minimize.MinimizeRunner2.minimize$reduceTypeParameters$lambda$4(MinimizeRunner2.kt:120)
	at com.github.xyzboom.codesmith.algorithm.DDMin.executeRecursive(DDMin.kt:32)
	at com.github.xyzboom.codesmith.algorithm.DDMin.executeRecursive(DDMin.kt:33)
	at com.github.xyzboom.codesmith.algorithm.DDMin.execute(DDMin.kt:13)
	at com.github.xyzboom.codesmith.minimize.MinimizeRunner2.minimize$reduceTypeParameters(MinimizeRunner2.kt:122)
	at com.github.xyzboom.codesmith.minimize.MinimizeRunner2.access$minimize$reduceTypeParameters(MinimizeRunner2.kt:15)
	at com.github.xyzboom.codesmith.minimize.MinimizeRunner2$minimize$stages$5.invoke(MinimizeRunner2.kt:149)
	at com.github.xyzboom.codesmith.minimize.MinimizeRunner2$minimize$stages$5.invoke(MinimizeRunner2.kt:149)
	at com.github.xyzboom.codesmith.minimize.MinimizeRunner2.minimize(MinimizeRunner2.kt:153)
	at com.github.xyzboom.codesmith.kotlin.CrossLangFuzzerKotlinRunner.doOneRoundDifferentialAndRecord(CrossLangFuzzerKotlinRunner.kt:148)
	at com.github.xyzboom.codesmith.kotlin.CrossLangFuzzerKotlinRunner$runnerMain$3$1$job$1.invokeSuspend(CrossLangFuzzerKotlinRunner.kt:300)
	at kotlin.coroutines.jvm.internal.BaseContinuationImpl.resumeWith(ContinuationImpl.kt:34)
	at kotlinx.coroutines.DispatchedTask.run(DispatchedTask.kt:100)
	at kotlinx.coroutines.internal.LimitedDispatcher$Worker.run(LimitedDispatcher.kt:124)
	at kotlinx.coroutines.scheduling.TaskImpl.run(Tasks.kt:89)
	at kotlinx.coroutines.scheduling.CoroutineScheduler.runSafely(CoroutineScheduler.kt:586)
	at kotlinx.coroutines.scheduling.CoroutineScheduler$Worker.executeTask(CoroutineScheduler.kt:820)
	at kotlinx.coroutines.scheduling.CoroutineScheduler$Worker.runWorker(CoroutineScheduler.kt:717)
	at kotlinx.coroutines.scheduling.CoroutineScheduler$Worker.run(CoroutineScheduler.kt:704)
	Suppressed: org.opentest4j.AssertionFailedError: Actual data differs from file content: code-smith4470708301575367476.kt
		at org.jetbrains.kotlin.test.services.JUnit5Assertions.assertEqualsToFile(JUnit5Assertions.kt:76)
		at org.jetbrains.kotlin.test.services.JUnit5Assertions.assertEqualsToFile(JUnit5Assertions.kt:30)
		at org.jetbrains.kotlin.test.Assertions.assertEqualsToFile(Assertions.kt:15)
		at org.jetbrains.kotlin.test.Assertions.assertEqualsToFile$default(Assertions.kt:14)
		at org.jetbrains.kotlin.test.services.GlobalMetadataInfoHandler.compareAllMetaDataInfos(GlobalMetadataInfoHandler.kt:77)
		at org.jetbrains.kotlin.test.TestRunner.runTestPipeline(TestRunner.kt:107)
		... 32 more
	Suppressed: java.lang.IllegalStateException: NOTHING_TO_OVERRIDE: 'me5584I' overrides nothing (18,5) in /A6Y.kt
		at org.jetbrains.kotlin.diagnostics.DiagnosticSink$2.report(DiagnosticSink.java:46)
		at org.jetbrains.kotlin.resolve.AnalyzingUtils.throwExceptionOnErrors(AnalyzingUtils.kt:63)
		at org.jetbrains.kotlin.resolve.AnalyzingUtils.throwExceptionOnErrors(AnalyzingUtils.kt:58)
		at org.jetbrains.kotlin.test.backend.handlers.NoCompilationErrorsHandler.processModule(NoCompilationErrorsHandler.kt:26)
		at org.jetbrains.kotlin.test.backend.handlers.NoCompilationErrorsHandler.processModule(NoCompilationErrorsHandler.kt:17)
		at org.jetbrains.kotlin.test.TestStep$HandlersStep.processModule(TestStep.kt:78)
		at org.jetbrains.kotlin.test.TestStep$HandlersStep.processModule(TestStep.kt:56)
		at org.jetbrains.kotlin.test.TestRunner.processModule(TestRunner.kt:206)
		at org.jetbrains.kotlin.test.TestRunner.hackyProcessModule(TestRunner.kt:197)
		at org.jetbrains.kotlin.test.TestRunner.processModule(TestRunner.kt:141)
		at org.jetbrains.kotlin.test.TestRunner.runTestPipeline(TestRunner.kt:92)
		... 32 more
