org.opentest4j.MultipleFailuresError: Multiple Failures (2 failures)
	org.opentest4j.AssertionFailedError: Actual data differs from file content: code-smith4486672377570012604.kt
	java.lang.IllegalStateException: ABSTRACT_CLASS_MEMBER_NOT_IMPLEMENTED: Class 'WON9n1' is not abstract and does not implement abstract base class member public abstract fun tPRgvW(xuv: D6Pb?, z8XRyzQ: UIqj3y8?, aTQFW6: T6 & Any): Any defined in YEMgtn (175,8) in /WON9n1.kt
	at org.junit.jupiter.api.AssertAll.assertAll(AssertAll.java:80)
	at org.junit.jupiter.api.AssertAll.assertAll(AssertAll.java:54)
	at org.junit.jupiter.api.AssertAll.assertAll(AssertAll.java:48)
	at org.junit.jupiter.api.Assertions.assertAll(Assertions.java:2978)
	at org.jetbrains.kotlin.test.services.JUnit5Assertions.failAll(JUnit5Assertions.kt:102)
	at org.jetbrains.kotlin.test.TestRunner.reportFailures(TestRunner.kt:125)
	at org.jetbrains.kotlin.test.TestRunner.runTestPipeline(TestRunner.kt:117)
	at org.jetbrains.kotlin.test.TestRunner.runTestImpl(TestRunner.kt:70)
	at org.jetbrains.kotlin.test.TestRunner.runTest(TestRunner.kt:30)
	at org.jetbrains.kotlin.test.TestRunner.runTest$default(TestRunner.kt:28)
	at org.jetbrains.kotlin.test.runners.AbstractKotlinCompilerTest.runTest(AbstractKotlinCompilerTest.kt:91)
	at com.github.xyzboom.codesmith.kotlin.IKotlinCompilerTest$DefaultImpls.testProgram(IKotlinCompilerTest.kt:14)
	at com.github.xyzboom.codesmith.kotlin.IKotlinCompilerTest$IJDK17Test$DefaultImpls.testProgram(IKotlinCompilerTest.kt:29)
	at com.github.xyzboom.codesmith.kotlin.CrossLangFuzzerKotlinRunner$K1Jdk17Test.testProgram(CrossLangFuzzerKotlinRunner.kt:105)
	at com.github.xyzboom.codesmith.kotlin.CrossLangFuzzerKotlinRunner.doOneRoundDifferentialAndRecord(CrossLangFuzzerKotlinRunner.kt:149)
	at com.github.xyzboom.codesmith.kotlin.CrossLangFuzzerKotlinRunner$runnerMain$2$1$job$1.invokeSuspend(CrossLangFuzzerKotlinRunner.kt:218)
	at kotlin.coroutines.jvm.internal.BaseContinuationImpl.resumeWith(ContinuationImpl.kt:33)
	at kotlinx.coroutines.DispatchedTask.run(DispatchedTask.kt:100)
	at kotlinx.coroutines.internal.LimitedDispatcher$Worker.run(LimitedDispatcher.kt:124)
	at kotlinx.coroutines.scheduling.TaskImpl.run(Tasks.kt:89)
	at kotlinx.coroutines.scheduling.CoroutineScheduler.runSafely(CoroutineScheduler.kt:586)
	at kotlinx.coroutines.scheduling.CoroutineScheduler$Worker.executeTask(CoroutineScheduler.kt:820)
	at kotlinx.coroutines.scheduling.CoroutineScheduler$Worker.runWorker(CoroutineScheduler.kt:717)
	at kotlinx.coroutines.scheduling.CoroutineScheduler$Worker.run(CoroutineScheduler.kt:704)
	Suppressed: org.opentest4j.AssertionFailedError: Actual data differs from file content: code-smith4486672377570012604.kt
		at org.jetbrains.kotlin.test.services.JUnit5Assertions.assertEqualsToFile(JUnit5Assertions.kt:76)
		at org.jetbrains.kotlin.test.services.JUnit5Assertions.assertEqualsToFile(JUnit5Assertions.kt:30)
		at org.jetbrains.kotlin.test.Assertions.assertEqualsToFile(Assertions.kt:15)
		at org.jetbrains.kotlin.test.Assertions.assertEqualsToFile$default(Assertions.kt:14)
		at org.jetbrains.kotlin.test.services.GlobalMetadataInfoHandler.compareAllMetaDataInfos(GlobalMetadataInfoHandler.kt:77)
		at org.jetbrains.kotlin.test.TestRunner.runTestPipeline(TestRunner.kt:107)
		... 17 more
	Suppressed: java.lang.IllegalStateException: ABSTRACT_CLASS_MEMBER_NOT_IMPLEMENTED: Class 'WON9n1' is not abstract and does not implement abstract base class member public abstract fun tPRgvW(xuv: D6Pb?, z8XRyzQ: UIqj3y8?, aTQFW6: T6 & Any): Any defined in YEMgtn (175,8) in /WON9n1.kt
		at org.jetbrains.kotlin.diagnostics.DiagnosticSink$2.report(DiagnosticSink.java:46)
		at org.jetbrains.kotlin.resolve.AnalyzingUtils.throwExceptionOnErrors(AnalyzingUtils.kt:63)
		at org.jetbrains.kotlin.resolve.AnalyzingUtils.throwExceptionOnErrors(AnalyzingUtils.kt:58)
		at org.jetbrains.kotlin.test.backend.handlers.NoCompilationErrorsHandler.processModule(NoCompilationErrorsHandler.kt:26)
		at org.jetbrains.kotlin.test.backend.handlers.NoCompilationErrorsHandler.processModule(NoCompilationErrorsHandler.kt:17)
		at org.jetbrains.kotlin.test.TestStep$HandlersStep.processModule(TestStep.kt:78)
		at org.jetbrains.kotlin.test.TestStep$HandlersStep.processModule(TestStep.kt:56)
		at org.jetbrains.kotlin.test.TestRunner.processModule(TestRunner.kt:206)
		at org.jetbrains.kotlin.test.TestRunner.hackyProcessModule(TestRunner.kt:197)
		at org.jetbrains.kotlin.test.TestRunner.processModule(TestRunner.kt:141)
		at org.jetbrains.kotlin.test.TestRunner.runTestPipeline(TestRunner.kt:92)
		... 17 more
